  Determining projects to restore...
  All projects are up-to-date for restore.
  TaskManagement.Domain -> C:\Users\hiep7\OneDrive\Hì€nh à‰nh\MĂ¡y tĂ­nh\QLCV\DOING\QuanLyCongViec\Backend\src\TaskManagement.Domain\bin\Debug\net10.0\TaskManagement.Domain.dll
  TaskManagement.Application -> C:\Users\hiep7\OneDrive\Hì€nh à‰nh\MĂ¡y tĂ­nh\QLCV\DOING\QuanLyCongViec\Backend\src\TaskManagement.Application\bin\Debug\net10.0\TaskManagement.Application.dll
C:\Users\hiep7\OneDrive\Hì€nh à‰nh\MĂ¡y tĂ­nh\QLCV\DOING\QuanLyCongViec\Backend\src\TaskManagement.Infrastructure\Data\DatabaseSeeder.cs(79,30): error CS0029: Cannot implicitly convert type 'int' to 'bool' [C:\Users\hiep7\OneDrive\Hì€nh à‰nh\MĂ¡y tĂ­nh\QLCV\DOING\QuanLyCongViec\Backend\src\TaskManagement.Infrastructure\TaskManagement.Infrastructure.csproj]
C:\Users\hiep7\OneDrive\Hì€nh à‰nh\MĂ¡y tĂ­nh\QLCV\DOING\QuanLyCongViec\Backend\src\TaskManagement.Infrastructure\Data\DatabaseSeeder.cs(91,21): error CS0117: 'ProjectMember' does not contain a definition for 'RoleInProject' [C:\Users\hiep7\OneDrive\Hì€nh à‰nh\MĂ¡y tĂ­nh\QLCV\DOING\QuanLyCongViec\Backend\src\TaskManagement.Infrastructure\TaskManagement.Infrastructure.csproj]
C:\Users\hiep7\OneDrive\Hì€nh à‰nh\MĂ¡y tĂ­nh\QLCV\DOING\QuanLyCongViec\Backend\src\TaskManagement.Infrastructure\Data\DatabaseSeeder.cs(97,21): error CS0117: 'ProjectMember' does not contain a definition for 'RoleInProject' [C:\Users\hiep7\OneDrive\Hì€nh à‰nh\MĂ¡y tĂ­nh\QLCV\DOING\QuanLyCongViec\Backend\src\TaskManagement.Infrastructure\TaskManagement.Infrastructure.csproj]
C:\Users\hiep7\OneDrive\Hì€nh à‰nh\MĂ¡y tĂ­nh\QLCV\DOING\QuanLyCongViec\Backend\src\TaskManagement.Infrastructure\Services\WorkTaskService.cs(66,34): error CS0104: 'TaskStatus' is an ambiguous reference between 'TaskManagement.Domain.Entities.TaskStatus' and 'System.Threading.Tasks.TaskStatus' [C:\Users\hiep7\OneDrive\Hì€nh à‰nh\MĂ¡y tĂ­nh\QLCV\DOING\QuanLyCongViec\Backend\src\TaskManagement.Infrastructure\TaskManagement.Infrastructure.csproj]
C:\Users\hiep7\OneDrive\Hì€nh à‰nh\MĂ¡y tĂ­nh\QLCV\DOING\QuanLyCongViec\Backend\src\TaskManagement.Infrastructure\Services\WorkTaskService.cs(168,34): error CS0104: 'TaskStatus' is an ambiguous reference between 'TaskManagement.Domain.Entities.TaskStatus' and 'System.Threading.Tasks.TaskStatus' [C:\Users\hiep7\OneDrive\Hì€nh à‰nh\MĂ¡y tĂ­nh\QLCV\DOING\QuanLyCongViec\Backend\src\TaskManagement.Infrastructure\TaskManagement.Infrastructure.csproj]
C:\Users\hiep7\OneDrive\Hì€nh à‰nh\MĂ¡y tĂ­nh\QLCV\DOING\QuanLyCongViec\Backend\src\TaskManagement.Infrastructure\Services\WorkTaskService.cs(261,34): error CS0104: 'TaskStatus' is an ambiguous reference between 'TaskManagement.Domain.Entities.TaskStatus' and 'System.Threading.Tasks.TaskStatus' [C:\Users\hiep7\OneDrive\Hì€nh à‰nh\MĂ¡y tĂ­nh\QLCV\DOING\QuanLyCongViec\Backend\src\TaskManagement.Infrastructure\TaskManagement.Infrastructure.csproj]

Build FAILED.

C:\Users\hiep7\OneDrive\Hì€nh à‰nh\MĂ¡y tĂ­nh\QLCV\DOING\QuanLyCongViec\Backend\src\TaskManagement.Infrastructure\Data\DatabaseSeeder.cs(79,30): error CS0029: Cannot implicitly convert type 'int' to 'bool' [C:\Users\hiep7\OneDrive\Hì€nh à‰nh\MĂ¡y tĂ­nh\QLCV\DOING\QuanLyCongViec\Backend\src\TaskManagement.Infrastructure\TaskManagement.Infrastructure.csproj]
C:\Users\hiep7\OneDrive\Hì€nh à‰nh\MĂ¡y tĂ­nh\QLCV\DOING\QuanLyCongViec\Backend\src\TaskManagement.Infrastructure\Data\DatabaseSeeder.cs(91,21): error CS0117: 'ProjectMember' does not contain a definition for 'RoleInProject' [C:\Users\hiep7\OneDrive\Hì€nh à‰nh\MĂ¡y tĂ­nh\QLCV\DOING\QuanLyCongViec\Backend\src\TaskManagement.Infrastructure\TaskManagement.Infrastructure.csproj]
C:\Users\hiep7\OneDrive\Hì€nh à‰nh\MĂ¡y tĂ­nh\QLCV\DOING\QuanLyCongViec\Backend\src\TaskManagement.Infrastructure\Data\DatabaseSeeder.cs(97,21): error CS0117: 'ProjectMember' does not contain a definition for 'RoleInProject' [C:\Users\hiep7\OneDrive\Hì€nh à‰nh\MĂ¡y tĂ­nh\QLCV\DOING\QuanLyCongViec\Backend\src\TaskManagement.Infrastructure\TaskManagement.Infrastructure.csproj]
C:\Users\hiep7\OneDrive\Hì€nh à‰nh\MĂ¡y tĂ­nh\QLCV\DOING\QuanLyCongViec\Backend\src\TaskManagement.Infrastructure\Services\WorkTaskService.cs(66,34): error CS0104: 'TaskStatus' is an ambiguous reference between 'TaskManagement.Domain.Entities.TaskStatus' and 'System.Threading.Tasks.TaskStatus' [C:\Users\hiep7\OneDrive\Hì€nh à‰nh\MĂ¡y tĂ­nh\QLCV\DOING\QuanLyCongViec\Backend\src\TaskManagement.Infrastructure\TaskManagement.Infrastructure.csproj]
C:\Users\hiep7\OneDrive\Hì€nh à‰nh\MĂ¡y tĂ­nh\QLCV\DOING\QuanLyCongViec\Backend\src\TaskManagement.Infrastructure\Services\WorkTaskService.cs(168,34): error CS0104: 'TaskStatus' is an ambiguous reference between 'TaskManagement.Domain.Entities.TaskStatus' and 'System.Threading.Tasks.TaskStatus' [C:\Users\hiep7\OneDrive\Hì€nh à‰nh\MĂ¡y tĂ­nh\QLCV\DOING\QuanLyCongViec\Backend\src\TaskManagement.Infrastructure\TaskManagement.Infrastructure.csproj]
C:\Users\hiep7\OneDrive\Hì€nh à‰nh\MĂ¡y tĂ­nh\QLCV\DOING\QuanLyCongViec\Backend\src\TaskManagement.Infrastructure\Services\WorkTaskService.cs(261,34): error CS0104: 'TaskStatus' is an ambiguous reference between 'TaskManagement.Domain.Entities.TaskStatus' and 'System.Threading.Tasks.TaskStatus' [C:\Users\hiep7\OneDrive\Hì€nh à‰nh\MĂ¡y tĂ­nh\QLCV\DOING\QuanLyCongViec\Backend\src\TaskManagement.Infrastructure\TaskManagement.Infrastructure.csproj]
    0 Warning(s)
    6 Error(s)

Time Elapsed 00:00:09.62
